# JRE version: Java(TM) SE Runtime Environment (8.0_181-b13) (build 1.8.0_181-b13)
# Java VM: Java HotSpot(TM) 64-Bit Server VM (25.181-b13 mixed mode windows-amd64 compressed oops)
Heap:
 PSYoungGen      total 436224K, used 163433K [0x000000076b580000, 0x000000078ab00000, 0x00000007c0000000)
  eden space 406016K, 40% used [0x000000076b580000,0x000000077551a6e8,0x0000000784200000)
  from space 30208K, 0% used [0x0000000785e80000,0x0000000785e80000,0x0000000787c00000)
  to   space 29184K, 0% used [0x0000000784200000,0x0000000784200000,0x0000000785e80000)
 ParOldGen       total 230400K, used 45444K [0x00000006c2000000, 0x00000006d0100000, 0x000000076b580000)
  object space 230400K, 19% used [0x00000006c2000000,0x00000006c4c61208,0x00000006d0100000)
 Metaspace       used 62093K, capacity 65514K, committed 65880K, reserved 1105920K
  class space    used 8142K, capacity 8719K, committed 8832K, reserved 1048576K
GC Heap History (10 events):
Event: 5.665 GC heap before
{Heap before GC invocations=11 (full 2):
 PSYoungGen      total 294400K, used 294186K [0x000000076b580000, 0x0000000780c80000, 0x00000007c0000000)
  eden space 281088K, 100% used [0x000000076b580000,0x000000077c800000,0x000000077c800000)
  from space 13312K, 98% used [0x000000077ff80000,0x0000000780c4a8b0,0x0000000780c80000)
  to   space 16384K, 0% used [0x000000077ec80000,0x000000077ec80000,0x000000077fc80000)
 ParOldGen       total 163840K, used 21121K [0x00000006c2000000, 0x00000006cc000000, 0x000000076b580000)
  object space 163840K, 12% used [0x00000006c2000000,0x00000006c34a06b8,0x00000006cc000000)
 Metaspace       used 45126K, capacity 46870K, committed 47104K, reserved 1089536K
  class space    used 5929K, capacity 6279K, committed 6400K, reserved 1048576K
Event: 5.674 GC heap after
Heap after GC invocations=11 (full 2):
 PSYoungGen      total 334848K, used 16358K [0x000000076b580000, 0x0000000782780000, 0x00000007c0000000)
  eden space 318464K, 0% used [0x000000076b580000,0x000000076b580000,0x000000077ec80000)
  from space 16384K, 99% used [0x000000077ec80000,0x000000077fc79990,0x000000077fc80000)
  to   space 19456K, 0% used [0x0000000781480000,0x0000000781480000,0x0000000782780000)
 ParOldGen       total 163840K, used 24276K [0x00000006c2000000, 0x00000006cc000000, 0x000000076b580000)
  object space 163840K, 14% used [0x00000006c2000000,0x00000006c37b53c8,0x00000006cc000000)
 Metaspace       used 45126K, capacity 46870K, committed 47104K, reserved 1089536K
  class space    used 5929K, capacity 6279K, committed 6400K, reserved 1048576K
}
Event: 6.628 GC heap before
{Heap before GC invocations=12 (full 2):
 PSYoungGen      total 334848K, used 334822K [0x000000076b580000, 0x0000000782780000, 0x00000007c0000000)
  eden space 318464K, 100% used [0x000000076b580000,0x000000077ec80000,0x000000077ec80000)
  from space 16384K, 99% used [0x000000077ec80000,0x000000077fc79990,0x000000077fc80000)
  to   space 19456K, 0% used [0x0000000781480000,0x0000000781480000,0x0000000782780000)
 ParOldGen       total 163840K, used 24276K [0x00000006c2000000, 0x00000006cc000000, 0x000000076b580000)
  object space 163840K, 14% used [0x00000006c2000000,0x00000006c37b53c8,0x00000006cc000000)
 Metaspace       used 49854K, capacity 51982K, committed 52096K, reserved 1093632K
  class space    used 6591K, capacity 6976K, committed 7040K, reserved 1048576K
Event: 6.637 GC heap after
Heap after GC invocations=12 (full 2):
 PSYoungGen      total 354816K, used 19431K [0x000000076b580000, 0x0000000785c00000, 0x00000007c0000000)
  eden space 335360K, 0% used [0x000000076b580000,0x000000076b580000,0x000000077fd00000)
  from space 19456K, 99% used [0x0000000781480000,0x0000000782779da0,0x0000000782780000)
  to   space 24064K, 0% used [0x000000077fd00000,0x000000077fd00000,0x0000000781480000)
 ParOldGen       total 163840K, used 30043K [0x00000006c2000000, 0x00000006cc000000, 0x000000076b580000)
  object space 163840K, 18% used [0x00000006c2000000,0x00000006c3d56c30,0x00000006cc000000)
 Metaspace       used 49854K, capacity 51982K, committed 52096K, reserved 1093632K
  class space    used 6591K, capacity 6976K, committed 7040K, reserved 1048576K
}
Event: 7.674 GC heap before
{Heap before GC invocations=13 (full 2):
 PSYoungGen      total 354816K, used 354791K [0x000000076b580000, 0x0000000785c00000, 0x00000007c0000000)
  eden space 335360K, 100% used [0x000000076b580000,0x000000077fd00000,0x000000077fd00000)
  from space 19456K, 99% used [0x0000000781480000,0x0000000782779da0,0x0000000782780000)
  to   space 24064K, 0% used [0x000000077fd00000,0x000000077fd00000,0x0000000781480000)
 ParOldGen       total 163840K, used 30043K [0x00000006c2000000, 0x00000006cc000000, 0x000000076b580000)
  object space 163840K, 18% used [0x00000006c2000000,0x00000006c3d56c30,0x00000006cc000000)
 Metaspace       used 55031K, capacity 57808K, committed 57984K, reserved 1099776K
  class space    used 7276K, capacity 7765K, committed 7808K, reserved 1048576K
Event: 7.685 GC heap after
Heap after GC invocations=13 (full 2):
 PSYoungGen      total 359424K, used 24038K [0x000000076b580000, 0x0000000787c00000, 0x00000007c0000000)
  eden space 335360K, 0% used [0x000000076b580000,0x000000076b580000,0x000000077fd00000)
  from space 24064K, 99% used [0x000000077fd00000,0x0000000781479b78,0x0000000781480000)
  to   space 30208K, 0% used [0x0000000785e80000,0x0000000785e80000,0x0000000787c00000)
 ParOldGen       total 163840K, used 37024K [0x00000006c2000000, 0x00000006cc000000, 0x000000076b580000)
  object space 163840K, 22% used [0x00000006c2000000,0x00000006c44283c8,0x00000006cc000000)
 Metaspace       used 55031K, capacity 57808K, committed 57984K, reserved 1099776K
  class space    used 7276K, capacity 7765K, committed 7808K, reserved 1048576K
}
Event: 7.782 GC heap before
{Heap before GC invocations=14 (full 2):
 PSYoungGen      total 359424K, used 58679K [0x000000076b580000, 0x0000000787c00000, 0x00000007c0000000)
  eden space 335360K, 10% used [0x000000076b580000,0x000000076d754368,0x000000077fd00000)
  from space 24064K, 99% used [0x000000077fd00000,0x0000000781479b78,0x0000000781480000)
  to   space 30208K, 0% used [0x0000000785e80000,0x0000000785e80000,0x0000000787c00000)
 ParOldGen       total 163840K, used 37024K [0x00000006c2000000, 0x00000006cc000000, 0x000000076b580000)
  object space 163840K, 22% used [0x00000006c2000000,0x00000006c44283c8,0x00000006cc000000)
 Metaspace       used 56281K, capacity 59076K, committed 59096K, reserved 1099776K
  class space    used 7448K, capacity 7929K, committed 7936K, reserved 1048576K
Event: 7.791 GC heap after
Heap after GC invocations=14 (full 2):
 PSYoungGen      total 436224K, used 10435K [0x000000076b580000, 0x000000078ab00000, 0x00000007c0000000)
  eden space 406016K, 0% used [0x000000076b580000,0x000000076b580000,0x0000000784200000)
  from space 30208K, 34% used [0x0000000785e80000,0x00000007868b0ef0,0x0000000787c00000)
  to   space 29184K, 0% used [0x0000000784200000,0x0000000784200000,0x0000000785e80000)
 ParOldGen       total 163840K, used 49576K [0x00000006c2000000, 0x00000006cc000000, 0x000000076b580000)
  object space 163840K, 30% used [0x00000006c2000000,0x00000006c506a198,0x00000006cc000000)
 Metaspace       used 56281K, capacity 59076K, committed 59096K, reserved 1099776K
  class space    used 7448K, capacity 7929K, committed 7936K, reserved 1048576K
}
Event: 7.791 GC heap before
{Heap before GC invocations=15 (full 3):
 PSYoungGen      total 436224K, used 10435K [0x000000076b580000, 0x000000078ab00000, 0x00000007c0000000)
  eden space 406016K, 0% used [0x000000076b580000,0x000000076b580000,0x0000000784200000)
  from space 30208K, 34% used [0x0000000785e80000,0x00000007868b0ef0,0x0000000787c00000)
  to   space 29184K, 0% used [0x0000000784200000,0x0000000784200000,0x0000000785e80000)
 ParOldGen       total 163840K, used 49576K [0x00000006c2000000, 0x00000006cc000000, 0x000000076b580000)
  object space 163840K, 30% used [0x00000006c2000000,0x00000006c506a198,0x00000006cc000000)
 Metaspace       used 56281K, capacity 59076K, committed 59096K, reserved 1099776K
  class space    used 7448K, capacity 7929K, committed 7936K, reserved 1048576K
Event: 7.887 GC heap after
Heap after GC invocations=15 (full 3):
 PSYoungGen      total 436224K, used 0K [0x000000076b580000, 0x000000078ab00000, 0x00000007c0000000)
  eden space 406016K, 0% used [0x000000076b580000,0x000000076b580000,0x0000000784200000)
  from space 30208K, 0% used [0x0000000785e80000,0x0000000785e80000,0x0000000787c00000)
  to   space 29184K, 0% used [0x0000000784200000,0x0000000784200000,0x0000000785e80000)
 ParOldGen       total 230400K, used 45444K [0x00000006c2000000, 0x00000006d0100000, 0x000000076b580000)
  object space 230400K, 19% used [0x00000006c2000000,0x00000006c4c61208,0x00000006d0100000)
 Metaspace       used 56281K, capacity 59076K, committed 59096K, reserved 1099776K
  class space    used 7448K, capacity 7929K, committed 7936K, reserved 1048576K
}

