# JRE version: Java(TM) SE Runtime Environment (8.0_181-b13) (build 1.8.0_181-b13)
# Java VM: Java HotSpot(TM) 64-Bit Server VM (25.181-b13 mixed mode windows-amd64 compressed oops)
Heap:
 PSYoungGen      total 207872K, used 2598K [0x000000076b580000, 0x000000077d000000, 0x00000007c0000000)
  eden space 189952K, 1% used [0x000000076b580000,0x000000076b8098d0,0x0000000776f00000)
  from space 17920K, 0% used [0x000000077be80000,0x000000077be80000,0x000000077d000000)
  to   space 20480K, 0% used [0x000000077a800000,0x000000077a800000,0x000000077bc00000)
 ParOldGen       total 161792K, used 32752K [0x00000006c2000000, 0x00000006cbe00000, 0x000000076b580000)
  object space 161792K, 20% used [0x00000006c2000000,0x00000006c3ffc098,0x00000006cbe00000)
 Metaspace       used 51942K, capacity 54488K, committed 54832K, reserved 1099776K
  class space    used 7143K, capacity 7606K, committed 7728K, reserved 1048576K
GC Heap History (10 events):
Event: 4.668 GC heap before
{Heap before GC invocations=9 (full 2):
 PSYoungGen      total 143872K, used 12780K [0x000000076b580000, 0x0000000779580000, 0x00000007c0000000)
  eden space 131072K, 0% used [0x000000076b580000,0x000000076b580000,0x0000000773580000)
  from space 12800K, 99% used [0x0000000773580000,0x00000007741fb1b0,0x0000000774200000)
  to   space 14848K, 0% used [0x0000000778700000,0x0000000778700000,0x0000000779580000)
 ParOldGen       total 106496K, used 11601K [0x00000006c2000000, 0x00000006c8800000, 0x000000076b580000)
  object space 106496K, 10% used [0x00000006c2000000,0x00000006c2b54648,0x00000006c8800000)
 Metaspace       used 34301K, capacity 35438K, committed 35496K, reserved 1079296K
  class space    used 4643K, capacity 4899K, committed 4912K, reserved 1048576K
Event: 4.693 GC heap after
Heap after GC invocations=9 (full 2):
 PSYoungGen      total 143872K, used 0K [0x000000076b580000, 0x0000000779580000, 0x00000007c0000000)
  eden space 131072K, 0% used [0x000000076b580000,0x000000076b580000,0x0000000773580000)
  from space 12800K, 0% used [0x0000000773580000,0x0000000773580000,0x0000000774200000)
  to   space 14848K, 0% used [0x0000000778700000,0x0000000778700000,0x0000000779580000)
 ParOldGen       total 161792K, used 18907K [0x00000006c2000000, 0x00000006cbe00000, 0x000000076b580000)
  object space 161792K, 11% used [0x00000006c2000000,0x00000006c3276d60,0x00000006cbe00000)
 Metaspace       used 34301K, capacity 35438K, committed 35496K, reserved 1079296K
  class space    used 4643K, capacity 4899K, committed 4912K, reserved 1048576K
}
Event: 7.760 GC heap before
{Heap before GC invocations=10 (full 2):
 PSYoungGen      total 143872K, used 131072K [0x000000076b580000, 0x0000000779580000, 0x00000007c0000000)
  eden space 131072K, 100% used [0x000000076b580000,0x0000000773580000,0x0000000773580000)
  from space 12800K, 0% used [0x0000000773580000,0x0000000773580000,0x0000000774200000)
  to   space 14848K, 0% used [0x0000000778700000,0x0000000778700000,0x0000000779580000)
 ParOldGen       total 161792K, used 18907K [0x00000006c2000000, 0x00000006cbe00000, 0x000000076b580000)
  object space 161792K, 11% used [0x00000006c2000000,0x00000006c3276d60,0x00000006cbe00000)
 Metaspace       used 39157K, capacity 40830K, committed 41136K, reserved 1085440K
  class space    used 5347K, capacity 5689K, committed 5808K, reserved 1048576K
Event: 7.765 GC heap after
Heap after GC invocations=10 (full 2):
 PSYoungGen      total 206336K, used 10537K [0x000000076b580000, 0x0000000779180000, 0x00000007c0000000)
  eden space 195584K, 0% used [0x000000076b580000,0x000000076b580000,0x0000000777480000)
  from space 10752K, 98% used [0x0000000778700000,0x000000077914a558,0x0000000779180000)
  to   space 14848K, 0% used [0x0000000777480000,0x0000000777480000,0x0000000778300000)
 ParOldGen       total 161792K, used 18915K [0x00000006c2000000, 0x00000006cbe00000, 0x000000076b580000)
  object space 161792K, 11% used [0x00000006c2000000,0x00000006c3278d60,0x00000006cbe00000)
 Metaspace       used 39157K, capacity 40830K, committed 41136K, reserved 1085440K
  class space    used 5347K, capacity 5689K, committed 5808K, reserved 1048576K
}
Event: 8.488 GC heap before
{Heap before GC invocations=11 (full 2):
 PSYoungGen      total 206336K, used 206121K [0x000000076b580000, 0x0000000779180000, 0x00000007c0000000)
  eden space 195584K, 100% used [0x000000076b580000,0x0000000777480000,0x0000000777480000)
  from space 10752K, 98% used [0x0000000778700000,0x000000077914a558,0x0000000779180000)
  to   space 14848K, 0% used [0x0000000777480000,0x0000000777480000,0x0000000778300000)
 ParOldGen       total 161792K, used 18915K [0x00000006c2000000, 0x00000006cbe00000, 0x000000076b580000)
  object space 161792K, 11% used [0x00000006c2000000,0x00000006c3278d60,0x00000006cbe00000)
 Metaspace       used 45915K, capacity 48116K, committed 48304K, reserved 1091584K
  class space    used 6394K, capacity 6818K, committed 6832K, reserved 1048576K
Event: 8.495 GC heap after
Heap after GC invocations=11 (full 2):
 PSYoungGen      total 210432K, used 14830K [0x000000076b580000, 0x000000077d000000, 0x00000007c0000000)
  eden space 195584K, 0% used [0x000000076b580000,0x000000076b580000,0x0000000777480000)
  from space 14848K, 99% used [0x0000000777480000,0x00000007782fb928,0x0000000778300000)
  to   space 17920K, 0% used [0x000000077be80000,0x000000077be80000,0x000000077d000000)
 ParOldGen       total 161792K, used 22598K [0x00000006c2000000, 0x00000006cbe00000, 0x000000076b580000)
  object space 161792K, 13% used [0x00000006c2000000,0x00000006c3611958,0x00000006cbe00000)
 Metaspace       used 45915K, capacity 48116K, committed 48304K, reserved 1091584K
  class space    used 6394K, capacity 6818K, committed 6832K, reserved 1048576K
}
Event: 149.977 GC heap before
{Heap before GC invocations=12 (full 2):
 PSYoungGen      total 210432K, used 137564K [0x000000076b580000, 0x000000077d000000, 0x00000007c0000000)
  eden space 195584K, 62% used [0x000000076b580000,0x0000000772d5b6e0,0x0000000777480000)
  from space 14848K, 99% used [0x0000000777480000,0x00000007782fb928,0x0000000778300000)
  to   space 17920K, 0% used [0x000000077be80000,0x000000077be80000,0x000000077d000000)
 ParOldGen       total 161792K, used 22598K [0x00000006c2000000, 0x00000006cbe00000, 0x000000076b580000)
  object space 161792K, 13% used [0x00000006c2000000,0x00000006c3611958,0x00000006cbe00000)
 Metaspace       used 51954K, capacity 54460K, committed 54576K, reserved 1099776K
  class space    used 7146K, capacity 7614K, committed 7728K, reserved 1048576K
Event: 149.985 GC heap after
Heap after GC invocations=12 (full 2):
 PSYoungGen      total 207872K, used 17895K [0x000000076b580000, 0x000000077d000000, 0x00000007c0000000)
  eden space 189952K, 0% used [0x000000076b580000,0x000000076b580000,0x0000000776f00000)
  from space 17920K, 99% used [0x000000077be80000,0x000000077cff9e38,0x000000077d000000)
  to   space 20480K, 0% used [0x000000077a800000,0x000000077a800000,0x000000077bc00000)
 ParOldGen       total 161792K, used 24445K [0x00000006c2000000, 0x00000006cbe00000, 0x000000076b580000)
  object space 161792K, 15% used [0x00000006c2000000,0x00000006c37df768,0x00000006cbe00000)
 Metaspace       used 51954K, capacity 54460K, committed 54576K, reserved 1099776K
  class space    used 7146K, capacity 7614K, committed 7728K, reserved 1048576K
}
Event: 149.985 GC heap before
{Heap before GC invocations=13 (full 3):
 PSYoungGen      total 207872K, used 17895K [0x000000076b580000, 0x000000077d000000, 0x00000007c0000000)
  eden space 189952K, 0% used [0x000000076b580000,0x000000076b580000,0x0000000776f00000)
  from space 17920K, 99% used [0x000000077be80000,0x000000077cff9e38,0x000000077d000000)
  to   space 20480K, 0% used [0x000000077a800000,0x000000077a800000,0x000000077bc00000)
 ParOldGen       total 161792K, used 24445K [0x00000006c2000000, 0x00000006cbe00000, 0x000000076b580000)
  object space 161792K, 15% used [0x00000006c2000000,0x00000006c37df768,0x00000006cbe00000)
 Metaspace       used 51954K, capacity 54460K, committed 54576K, reserved 1099776K
  class space    used 7146K, capacity 7614K, committed 7728K, reserved 1048576K
Event: 150.077 GC heap after
Heap after GC invocations=13 (full 3):
 PSYoungGen      total 207872K, used 0K [0x000000076b580000, 0x000000077d000000, 0x00000007c0000000)
  eden space 189952K, 0% used [0x000000076b580000,0x000000076b580000,0x0000000776f00000)
  from space 17920K, 0% used [0x000000077be80000,0x000000077be80000,0x000000077d000000)
  to   space 20480K, 0% used [0x000000077a800000,0x000000077a800000,0x000000077bc00000)
 ParOldGen       total 161792K, used 32752K [0x00000006c2000000, 0x00000006cbe00000, 0x000000076b580000)
  object space 161792K, 20% used [0x00000006c2000000,0x00000006c3ffc098,0x00000006cbe00000)
 Metaspace       used 51934K, capacity 54424K, committed 54576K, reserved 1097728K
  class space    used 7141K, capacity 7606K, committed 7728K, reserved 1048576K
}

